* Checking package dependencies... OK
* Checking if other packages can import this one... OK
* Checking to see if we understand object initialization... OK
* Checking for deprecated package usage... OK
* Checking for remote package usage...
* ERROR: Package dependencies must be on CRAN or Bioconductor. Remove 'Remotes:' from DESCRIPTION
* Checking for 'LazyData: true' usage...
* NOTE: 'LazyData:' in the 'DESCRIPTION' should be set to false or removed
* Checking version number... OK
* Checking version number validity... OK
* Checking R version dependency...
* NOTE: Update R version dependency from 4.0.0 to 4.2.0.
* Checking package size... OK
* Checking individual file sizes... OK
* Checking biocViews... OK
* Checking that biocViews are present... OK
* Checking package type based on biocViews... OK
* Checking for non-trivial biocViews... OK
* Checking that biocViews come from the same category... OK
* Checking biocViews validity... OK
* Checking for recommended biocViews... OK
* Checking build system compatibility... OK
* Checking for blank lines in DESCRIPTION... OK
* Checking if DESCRIPTION is well formatted... OK
* Checking for proper Description: field...
* WARNING: Description field in the DESCRIPTION file is too concise
* Checking for whitespace in DESCRIPTION field names... OK
* Checking that Package field matches directory/tarball name... OK
* Checking for Version field... OK
* Checking for valid maintainer... OK
* Checking License: for restrictive use... OK
* Checking for pinned package versions... OK
* Checking DESCRIPTION/NAMESPACE consistency...
* WARNING: Import stats in DESCRIPTION as well as NAMESPACE.
* Checking .Rbuildignore... OK
* Checking for stray BiocCheck output folders... OK
* Checking vignette directory... OK
* Checking package installation calls in R code... OK
* Checking for library/require of echoplot... OK
* Checking coding practice...
* NOTE:  Avoid 1:...; use seq_len() or seq_along()
Found in files:
check_track_heights.R (line 13, column 40)
* NOTE:  Avoid 'cat' and 'print' outside of 'show' methods
Found in files:
print() in R/add_back_xtext.R (line  5, column  5)
print() in R/dot_summary_plot.R (line 56, column 18)
* NOTE:  Avoid using '=' for assignment and use '<-' instead
Found in files:
R/construct_snp_labels.R (line 34, column 17)
R/construct_snp_labels.R (line 39, column 25)
R/construct_snp_labels.R (line 45, column 18)
R/construct_snp_labels.R (line 50, column 26)
R/construct_snp_labels.R (line 62, column 32)
* WARNING:  Avoid T/F variables; If logical, use TRUE/FALSE 
Found 1 times:
T in R/check_track_heights.R (line 6, column 41)
* Checking parsed R code in R directory, examples, vignettes...
* NOTE: Avoid 'suppressWarnings'/'*Messages' if possible (found 11 times)
suppressMessages() in R/add_back_xtext.R (line   8, column 18)
suppressWarnings() in R/dot_summary_plot.R (line  28, column 17)
suppressWarnings() in R/remove_margins.R (line  12, column 44)
suppressMessages() in R/remove_margins.R (line  12, column 27)
suppressWarnings() in R/set_window_limits.R (line  27, column 26)
suppressMessages() in R/set_window_limits.R (line  27, column  9)
suppressMessages() in R/snp_track_merged.R (line  97, column 21)
suppressMessages() in R/snp_track_merged.R (line 106, column 21)
suppressMessages() in R/transcript_model_track.R (line 148, column 26)
suppressMessages() in R/XGR_plot_peaks.R (line  74, column 22)
suppressMessages() in R/XGR_plot_style.R (line   9, column 18)
* Checking function lengths...
* NOTE: The recommended function length is 50 lines or less. There are 39 functions greater than 50 lines.
The longest 5 functions are:
plot_locus() (R/plot_locus.R): 366 lines
transcript_model_track() (R/transcript_model_track.R): 134 lines
snp_track_merged() (R/snp_track_merged.R): 125 lines
construct_snp_labels() (R/construct_snp_labels.R):  88 lines
get_transcripts() (R/get_transcripts.R):  85 lines
* Checking man page documentation...
* WARNING: Add non-empty \value sections to the following man pages: 
man/add_multitrack_lines.Rd, man/add_snp_labels.Rd, man/construct_snp_labels.Rd, man/dot_summary_plot.Rd, man/get_max_histogram_height.Rd, man/get_transcripts.Rd, man/get_window_suffix.Rd, man/plot_locus_multi.Rd, man/plot_locus.Rd, man/ROADMAP_track_plot.Rd, man/snp_track_merged.Rd, man/transcript_model_track.Rd
* Checking package NEWS... OK
* Checking unit tests... OK
* Checking skip_on_bioc() in tests... OK
* Checking formatting of DESCRIPTION, NAMESPACE, man pages, R source, and vignette source...
* NOTE: Consider shorter lines; 47 lines (1%) are > 80 characters long.
First few lines:
R/add_snp_labels.R#L 28                                         ...
R/add_snp_labels.R#L 33                                         ...
R/add_snp_labels.R#L 75         # Enhance the colors of SNPs wit...
R/check_track_heights.R#L 18         messager("Filling in missing tra...
R/plot_locus.R#L 47 #' \href{http://XGR_r-forge.r-project.or...
R/save_tracks.R#L 27         messager("+ echoplot:: Saving gg...
R/set_window_limits.R#L 26         # https://stackoverflow.com/ques...
R/transcript_model_track.R#L 34 #' \href{https://bioconductor.org/packag...
R/transcript_model_track.R#L 35 #' \href{https://bioconductor.org/packag...
R/transcript_model_track.R#L 36 #' \href{http://bioconductor.org/package...
R/transcript_model_track.R#L 64     # method="ggbio"; verbose=T; stackin...
R/XGR_plot.R#L 20 #' \href{http://XGR_r-forge.r-project.or...
R/zoom_polygon.R#L 24         # scale_fill_gradient(limits=c(0...
man/plot_locus_multi.Rd#L 47     \item{\code{plot_full_window}}{Inclu...
man/plot_locus_multi.Rd#L 51     \item{\code{qtl_suffixes}}{If column...
man/plot_locus_multi.Rd#L 55     \item{\code{mean.PP}}{Include a trac...
man/plot_locus_multi.Rd#L 61     \item{\code{tx_biotypes}}{Transcript...
man/plot_locus_multi.Rd#L 77 \href{http://XGR_r-forge.r-project.org/#...
man/plot_locus_multi.Rd#L 84     \item{\code{nott_epigenome}}{Include...
man/plot_locus_multi.Rd#L115     \item{\code{return_list}}{Return a n...
man/plot_locus.Rd#L155 \href{http://XGR_r-forge.r-project.org/#...
man/transcript_model_track.Rd#L  7 \href{https://bioconductor.org/packages/...
man/transcript_model_track.Rd#L  8 \href{https://bioconductor.org/packages/...
man/transcript_model_track.Rd#L  9 \href{http://bioconductor.org/packages/d...
man/XGR_plot.Rd#L 33 \href{http://XGR_r-forge.r-project.org/#...
vignettes/echoplot.Rmd#L  2 title: "``r read.dcf('../DESCRIPTION', f...
vignettes/echoplot.Rmd#L 35 * `plot_locus()` returns a series of `gg...
vignettes/echoplot.Rmd#L 43   + Adjust the `height` and `width` of t...
vignettes/echoplot.Rmd#L 49 Load example dataset of the results from...
vignettes/echoplot.Rmd#L 50 Original data comes from the recent Nall...
vignettes/echoplot.Rmd#L 84 * You can easily generate the same locus...
vignettes/echoplot.Rmd#L 85 * This list can be composed of zoom mult...
vignettes/echoplot.Rmd#L 86 * Each zoom view will be saved individua...
vignettes/echoplot.Rmd#L107 * For even further control over each tra...
vignettes/echoplot.Rmd#L108 * Once you've made your modifications, y...
vignettes/echoplot.Rmd#L138 # Specify the relative heights of each t...
vignettes/echoplot.Rmd#L151 * Whenever you use annotation arguments ...
vignettes/echoplot.Rmd#L152 the annotations that overlap with your l...
vignettes/echoplot.Rmd#L154 * If a selected annotation has previousl...
vignettes/echoplot.Rmd#L161                                xgr_libna...
vignettes/echoplot.Rmd#L171 ## Using [Roadmap](http://www.roadmapepi...
vignettes/echoplot.Rmd#L173 * Using the `Roadmap=T` and `roadmap_que...
vignettes/echoplot.Rmd#L174 * Note that Roadmap queries requires `ta...
vignettes/echoplot.Rmd#L175 * Parallelizing these queries across mul...
vignettes/echoplot.Rmd#L195 ## Using [Nott_2019](https://science.sci...
vignettes/echoplot.Rmd#L198 [Nott et al. (Science, 2019)](https://sc...
vignettes/echoplot.Rmd#L223 * Plot multiple QTL p-value columns (or ...
* NOTE: Consider multiples of 4 spaces for line indents; 651 lines (19%) are not.
First few lines:
R/add_back_xtext.R#L  2                            verbose=TRUE)...
R/add_back_xtext.R#L 10                           axis.title.x =...
R/add_multitrack_lines.R#L  7                                  dat,...
R/add_multitrack_lines.R#L  8                                  snp_gro...
R/add_multitrack_lines.R#L  9                                  line_al...
R/add_multitrack_lines.R#L 10                                  line_si...
R/add_multitrack_lines.R#L 11                                  remove_...
R/add_multitrack_lines.R#L 12                                  verbose...
R/add_multitrack_lines.R#L 43                            alpha=line_al...
R/add_multitrack_lines.R#L 44                            linetype='sol...
R/add_multitrack_lines.R#L 50                            alpha=line_al...
R/add_multitrack_lines.R#L 56                            alpha=line_al...
R/add_snp_labels.R#L 10                            dat,...
R/add_snp_labels.R#L 11                            labels_subset...
R/add_snp_labels.R#L 12                            yvar="PP",...
R/add_snp_labels.R#L 13                            genomic_units...
R/add_snp_labels.R#L 14                            grouping_vars...
R/add_snp_labels.R#L 15                            remove_duplic...
R/add_snp_labels.R#L 16                            melt_methods=...
R/add_snp_labels.R#L 17                            show.legend=T...
R/add_snp_labels.R#L 33                                         ...
R/add_snp_labels.R#L 38                    pch=snp_labels$shape,...
R/add_snp_labels.R#L 39                    fill=NA,...
R/add_snp_labels.R#L 40                    size=snp_labels$size,...
R/add_snp_labels.R#L 41                    color=snp_labels$colo...
R/add_snp_labels.R#L 44                                   ggplot...
R/add_snp_labels.R#L 45                                   color=...
R/add_snp_labels.R#L 46                                   # nudg...
R/add_snp_labels.R#L 47                                   fill="...
R/add_snp_labels.R#L 48                                   box.pa...
R/add_snp_labels.R#L 49                                   label....
R/add_snp_labels.R#L 50                                   point....
R/add_snp_labels.R#L 51                                   # min....
R/add_snp_labels.R#L 52                                   # nudg...
R/add_snp_labels.R#L 53                                   # nudg...
R/add_snp_labels.R#L 54                                   label....
R/add_snp_labels.R#L 55                                   alpha=...
R/add_snp_labels.R#L 56                                   seed =...
R/add_snp_labels.R#L 57                                   size =...
R/add_snp_labels.R#L 60                                   ggplot...
R/add_snp_labels.R#L 61                                   segmen...
R/add_snp_labels.R#L 62                                   color=...
R/add_snp_labels.R#L 63                                   segmen...
R/add_snp_labels.R#L 64                                   box.pa...
R/add_snp_labels.R#L 65                                   label....
R/add_snp_labels.R#L 66                                   point....
R/add_snp_labels.R#L 67                                   # min....
R/add_snp_labels.R#L 68                                   # nudg...
R/add_snp_labels.R#L 69                                   # nudg...
R/add_snp_labels.R#L 70                                   segmen...
R/add_snp_labels.R#L 71                                   fill =...
R/add_snp_labels.R#L 72                                   alpha ...
R/add_snp_labels.R#L 73                                   seed =...
R/add_snp_labels.R#L 74                                   size =...
R/construct_snp_labels_separate.R#L  2                                         ...
R/construct_snp_labels.R#L 10                                   labels...
R/construct_snp_labels.R#L 11                                         ...
R/construct_snp_labels.R#L 12                                   remove...
R/construct_snp_labels.R#L 13                                   groupi...
R/construct_snp_labels.R#L 14                                   merge_...
R/construct_snp_labels.R#L 15                                   verbos...
R/construct_snp_labels.R#L 55        ("Consensus_SNP" %in% colnames(da...
R/construct_snp_labels.R#L 75                              levels = c(...
R/construct_snp_labels.R#L 76                              ordered = T...
R/construct_snp_labels.R#L 80                                    uniqu...
R/construct_snp_labels.R#L 81                                    order...
R/construct_snp_labels.R#L 88                                        "...
R/dot_summary_plot.R#L 14                              credset_thr...
R/dot_summary_plot.R#L 15                              show_plot=T...
R/dot_summary_plot.R#L 21                                       re...
R/dot_summary_plot.R#L 38                           CS=ifelse(CS>0...
R/dot_summary_plot.R#L 39                           PP=ifelse(PP>c...
R/dot_summary_plot.R#L 45                    color="red", shape=18...
R/dot_summary_plot.R#L 49                    color="green3", shape...
R/dot_summary_plot.R#L 53                    color="darkgoldenrod1...
R/get_max_histogram_height.R#L  7                                      rou...
R/get_max_histogram_height.R#L  8                                      ver...
R/get_palettes.R#L 12           rownames(RColorBrewer::brewer....
R/get_transcripts.R#L 43                                      ver...
R/get_transcripts.R#L 51       columns = c(ensembldb::listColumns...
R/get_transcripts.R#L 52       filter = AnnotationFilter::Annotat...
R/get_transcripts.R#L 53           #### Filter by seqnames ####...
R/get_transcripts.R#L 54           AnnotationFilter::SeqNameFilte...
R/get_transcripts.R#L 55               value = unique(GenomicRang...
R/get_transcripts.R#L 56               ),...
R/get_transcripts.R#L 57           #### Filter by tx_biotype ####...
R/get_transcripts.R#L 58           tx_filter...
R/get_transcripts.R#L 59           )...
R/get_transcripts.R#L 60       ) ...
R/get_transcripts.R#L 83                        unique(tx.filt$tx...
R/get_transcripts.R#L 85                           (!tx_biotype %...
R/get_transcripts.R#L 86                               (!startsWi...
R/get_transcripts.R#L 87                               (!startsWi...
R/get_transcripts.R#L110              v=verbose)...
R/get_transcripts.R#L112              dplyr::n_distinct(tx.gr$sym...
R/get_tx_biotypes.R#L 32                      v=verbose)...
R/get_window_suffix.R#L 17                               zoom,...
R/get_window_suffix.R#L 18                               verbose=TR...
R/guess_pvalue_col.R#L  2                              qtl_suffix=...
R/heights_dict.R#L  4                          default_height=...
R/merge_datasets.R#L  2                            # suffixes=pa...
R/merge_datasets.R#L  3                            required_cols...
R/merge_datasets.R#L  4                            suffixes=past...
R/merge_datasets.R#L  5                            verbose=TRUE)...
R/merge_datasets.R#L  9          function(nm){...
R/merge_datasets.R#L 10              d <- dat_ls[[nm]]...
R/merge_datasets.R#L 11              missing_cols <- required_co...
R/merge_datasets.R#L 12              if(length(missing_cols)>0){...
R/merge_datasets.R#L 13                  stp <- paste("Dataset",...
R/merge_datasets.R#L 14                               "is missin...
R/merge_datasets.R#L 15                               paste0("\n...
R/merge_datasets.R#L 16                  stop(stp)...
R/merge_datasets.R#L 17              }...
R/merge_datasets.R#L 18              return(d)...
R/merge_datasets.R#L 19              # d[,c("CHR","POS","SNP","Z...
R/merge_datasets.R#L 20          }) |> Reduce(f = function(...){...
R/merge_datasets.R#L 21              merge(..., ...
R/merge_datasets.R#L 22                    by=c("CHR","POS","SNP...
R/merge_datasets.R#L 23                    suffixes=suffixes)...
R/merge_datasets.R#L 24          })...
R/plot_locus_multi.R#L 32                              LD_ls,...
R/plot_locus_multi.R#L 33                              locus_dir,...
R/plot_locus_multi.R#L 34                              conditions=...
R/plot_locus_multi.R#L 35                              show_plot=T...
R/plot_locus_multi.R#L 36                              verbose=TRU...
R/plot_locus_multi.R#L 37                              ...){ ...
R/plot_locus_multi.R#L 41                  "Generating default nam...
R/plot_locus_multi.R#L 56                      "Using the same LD ...
R/plot_locus_multi.R#L 57                      length(dat_ls),"pri...
R/plot_locus_multi.R#L 68                                      nam...
R/plot_locus_multi.R#L 69                      function(i){...
R/plot_locus_multi.R#L 77                                       us...
R/plot_locus_multi.R#L 78                                       id...
R/plot_locus_multi.R#L 80                locus_dir = locus_dir, ...
R/plot_locus_multi.R#L 81                facet_formula = "conditio...
R/plot_locus_multi.R#L 82                ...)...
R/plot_locus.R#L115                        locus_dir,...
R/plot_locus.R#L116                        LD_matrix=NULL,...
R/plot_locus.R#L117                        LD_reference=NULL...
R/plot_locus.R#L118                        facet_formula="Me...
R/plot_locus.R#L119                        dataset_type="GWA...
R/plot_locus.R#L120                        color_r2=TRUE,...
R/plot_locus.R#L121                        finemap_methods=c...
R/plot_locus.R#L122                                         ...
R/plot_locus.R#L123                        track_order= NULL...
R/plot_locus.R#L124                        track_heights=NUL...
R/plot_locus.R#L125                        plot_full_window=...
R/plot_locus.R#L126                        dot_summary=FALSE...
R/plot_locus.R#L127                        qtl_suffixes=NULL...
R/plot_locus.R#L128                        mean.PP=TRUE,...
R/plot_locus.R#L129                        credset_thresh=.9...
R/plot_locus.R#L130                        consensus_thresh=...
R/plot_locus.R#L131                        sig_cutoff=5e-8,...
R/plot_locus.R#L132                        gene_track=TRUE,...
R/plot_locus.R#L133                        tx_biotypes=NULL,...
R/plot_locus.R#L134                        point_size=1,...
R/plot_locus.R#L135                        point_alpha=.6,...
R/plot_locus.R#L136                        density_adjust=0....
R/plot_locus.R#L137                        snp_group_lines=c...
R/plot_locus.R#L138                        xtext=FALSE,...
R/plot_locus.R#L139                        show_legend_genes...
R/plot_locus.R#L140                        ...
R/plot_locus.R#L141                        xgr_libnames=NULL...
R/plot_locus.R#L142                        #c("ENCODE_TFBS_C...
R/plot_locus.R#L143                        #   "ENCODE_DNase...
R/plot_locus.R#L144                        # "Broad_Histone"...
R/plot_locus.R#L145                        xgr_n_top=5,...
R/plot_locus.R#L146                        ...
R/plot_locus.R#L147                        roadmap=FALSE,...
R/plot_locus.R#L148                        roadmap_query=NUL...
R/plot_locus.R#L149                        roadmap_n_top=7,...
R/plot_locus.R#L150                        zoom_exceptions_s...
R/plot_locus.R#L151                        ...
R/plot_locus.R#L152                        nott_epigenome=FA...
R/plot_locus.R#L153                        nott_regulatory_r...
R/plot_locus.R#L154                        nott_show_placseq...
R/plot_locus.R#L155                        nott_binwidth=200...
R/plot_locus.R#L156                        nott_bigwig_dir=N...
R/plot_locus.R#L157                        ...
R/plot_locus.R#L158                        save_plot=FALSE,...
R/plot_locus.R#L159                        show_plot=TRUE,...
R/plot_locus.R#L160                        genomic_units="Mb...
R/plot_locus.R#L161                        strip.text.y.angl...
R/plot_locus.R#L162                        max_transcripts=1...
R/plot_locus.R#L163                        zoom=c("1x"),...
R/plot_locus.R#L164                        dpi=300,...
R/plot_locus.R#L165                        height=12,...
R/plot_locus.R#L166                        width=10,...
R/plot_locus.R#L167                        plot_format="png"...
R/plot_locus.R#L168                        save_RDS=FALSE,...
R/plot_locus.R#L169                        return_list=FALSE...
R/plot_locus.R#L170                        conda_env="echoR_...
R/plot_locus.R#L171                        nThread=1,...
R/plot_locus.R#L172                        verbose=TRUE){...
R/plot_locus.R#L175      ...
R/plot_locus.R#L192                                         ...
R/plot_locus.R#L213                                         ...
R/plot_locus.R#L214                                         ...
R/plot_locus.R#L222               yvar = "-log10(P)",...
R/plot_locus.R#L223               sig_cutoff = sig_cutoff,...
R/plot_locus.R#L224               genomic_units = genomic_un...
R/plot_locus.R#L225               labels_subset = NULL,...
R/plot_locus.R#L226               xtext = TRUE,...
R/plot_locus.R#L227               show.legend = FALSE, ...
R/plot_locus.R#L228               dataset_type = gsub(" ","\...
R/plot_locus.R#L229               strip.text.y.angle = strip...
R/plot_locus.R#L230               facet_formula = facet_form...
R/plot_locus.R#L231               verbose = verbose) ...
R/plot_locus.R#L238           yvar = "-log10(P)",...
R/plot_locus.R#L239           genomic_units = genomic_units,...
R/plot_locus.R#L240           sig_cutoff = sig_cutoff,...
R/plot_locus.R#L241           labels_subset = NULL,...
R/plot_locus.R#L242           xtext = xtext,...
R/plot_locus.R#L243           dataset_type = "GWAS",...
R/plot_locus.R#L244           strip.text.y.angle = strip.tex...
R/plot_locus.R#L245           facet_formula = facet_formula,...
R/plot_locus.R#L246           verbose = verbose) ...
R/plot_locus.R#L255               yvar = paste0("-log10(",pv...
R/plot_locus.R#L256               genomic_units = genomic_un...
R/plot_locus.R#L257               sig_cutoff = sig_cutoff,...
R/plot_locus.R#L258               labels_subset = NULL,...
R/plot_locus.R#L259               xtext = xtext,...
R/plot_locus.R#L260               dataset_type = qtl,...
R/plot_locus.R#L261               strip.text.y.angle = strip...
R/plot_locus.R#L262               facet_formula = facet_form...
R/plot_locus.R#L263               verbose = verbose)...
R/plot_locus.R#L298                              locus_dir =...
R/plot_locus.R#L299                              lib_name = ...
R/plot_locus.R#L300                              palette = p...
R/plot_locus.R#L301                              n_top = xgr...
R/plot_locus.R#L302                              adjust = de...
R/plot_locus.R#L303                              nThread = n...
R/plot_locus.R#L304                              verbose = v...
R/plot_locus.R#L369                                       da...
R/plot_locus.R#L370                                       sn...
R/plot_locus.R#L371                                       li...
R/plot_locus.R#L372                                       re...
R/plot_locus.R#L373                                       ve...
R/plot_locus.R#L388                      genomic_units = gen...
R/plot_locus.R#L389                      zoom = pz)...
R/plot_locus.R#L392                      dat = dat,...
R/plot_locus.R#L393                      zoom = pz)...
R/plot_locus.R#L400                          "track @ zoom=1...
R/plot_locus.R#L409                                         ...
R/plot_locus.R#L410                                         ...
R/plot_locus.R#L413                                         ...
R/plot_locus.R#L414                                         ...
R/plot_locus.R#L417                                         ...
R/plot_locus.R#L430                                  paste0(...
R/plot_locus.R#L431                                      "  ...
R/plot_locus.R#L432                                      "SN...
R/plot_locus.R#L433                                      "; ...
R/plot_locus.R#L434                                      "zo...
R/plot_locus.R#L435                                      ")"...
R/plot_locus.R#L436                                  ))...
R/plot_locus.R#L454                       window_suffix,plot...
R/plot_locus.R#L469                                         ...
R/plot_locus.R#L470                                         ...
R/plot_locus.R#L471                                         ...
R/plot_locus.R#L472                                         ...
R/remove_margins.R#L  2                            dat,...
R/remove_margins.R#L  3                            verbose=TRUE)...
R/reorder_tracks.R#L  2                            track_order=N...
R/reorder_tracks.R#L  3                            verbose=TRUE)...
R/ROADMAP_plot.R#L 37                          roadmap_query,...
R/ROADMAP_plot.R#L 38                          lib_name = "Roa...
R/ROADMAP_plot.R#L 39                          locus_dir = tem...
R/ROADMAP_plot.R#L 40                          limit_files = N...
R/ROADMAP_plot.R#L 41                          n_top = 5,...
R/ROADMAP_plot.R#L 42                          adjust = 0.2,...
R/ROADMAP_plot.R#L 43                          force_new = FAL...
R/ROADMAP_plot.R#L 44                          show_plot = FAL...
R/ROADMAP_plot.R#L 45                          conda_env = "ec...
R/ROADMAP_plot.R#L 46                          nThread = 1,...
R/ROADMAP_plot.R#L 47                          verbose = TRUE)...
R/ROADMAP_plot.R#L 54                                       st...
R/ROADMAP_plot.R#L 55                                       ve...
R/ROADMAP_track_plot.R#L 26                                gr.snp = ...
R/ROADMAP_track_plot.R#L 27                                geom = "d...
R/ROADMAP_track_plot.R#L 28                                adjust = ...
R/ROADMAP_track_plot.R#L 29                                position ...
R/ROADMAP_track_plot.R#L 30                                show_plot...
R/ROADMAP_track_plot.R#L 31                                as_ggplot...
R/ROADMAP_track_plot.R#L 32                                verbose =...
R/save_tracks.R#L 15                       locus,LD_reference...
R/save_tracks.R#L 26                                  "RDS",s...
R/set_window_limits.R#L  2                               dat,...
R/set_window_limits.R#L  3                               zoom,...
R/set_window_limits.R#L  4                               exceptions...
R/set_window_limits.R#L  5                               verbose=TR...
R/snp_track_merged.R#L 16                              yvar="-log1...
R/snp_track_merged.R#L 17                              labels_subs...
R/snp_track_merged.R#L 18                              absolute_la...
R/snp_track_merged.R#L 19                              label_type=...
R/snp_track_merged.R#L 20                              label_leads...
R/snp_track_merged.R#L 21                              sig_cutoff=...
R/snp_track_merged.R#L 22                              point_alpha...
R/snp_track_merged.R#L 23                              show.legend...
R/snp_track_merged.R#L 24                              xtext=TRUE,...
R/snp_track_merged.R#L 25                              facet_formu...
R/snp_track_merged.R#L 26                              dataset_typ...
R/snp_track_merged.R#L 27                              genomic_uni...
R/snp_track_merged.R#L 28                              strip.text....
R/snp_track_merged.R#L 29                              show_plot=F...
R/snp_track_merged.R#L 30                              verbose=TRU...
R/snp_track_merged.R#L 68                              breaks=c(0,...
R/snp_track_merged.R#L 72                    color="black") +...
R/snp_track_merged.R#L 77                   label=cutoff_lab,...
R/snp_track_merged.R#L 78                   size=3, color="grey", ...
R/snp_track_merged.R#L 80              y=if(startsWith(yvar,"-log1...
R/snp_track_merged.R#L 81                  bquote("-log"[10]~"(p)"...
R/snp_track_merged.R#L 82              } else {yvar} ) +...
R/snp_track_merged.R#L108                                         ...
R/snp_track_merged.R#L126                   axis.title.x = ggplot2...
R/transcript_model_track.R#L 46                                    max_t...
R/transcript_model_track.R#L 47                                    tx_bi...
R/transcript_model_track.R#L 48                                    remov...
R/transcript_model_track.R#L 49                                    show_...
R/transcript_model_track.R#L 50                                    show....
R/transcript_model_track.R#L 51                                    fill=...
R/transcript_model_track.R#L 52                                    shape...
R/transcript_model_track.R#L 54                                    trans...
R/transcript_model_track.R#L 56                                    colla...
R/transcript_model_track.R#L 57                                    stack...
R/transcript_model_track.R#L 58                                         ...
R/transcript_model_track.R#L 59                                    metho...
R/transcript_model_track.R#L 60                                    xtext...
R/transcript_model_track.R#L 61                                    expan...
R/transcript_model_track.R#L 62                                    verbo...
R/transcript_model_track.R#L 69                                       ch...
R/transcript_model_track.R#L 70                                       st...
R/transcript_model_track.R#L 71                                       st...
R/transcript_model_track.R#L 72                                       ve...
R/transcript_model_track.R#L 86                                         ...
R/transcript_model_track.R#L 90                                         ...
R/transcript_model_track.R#L 92                                      tx_...
R/transcript_model_track.R#L 96                                         ...
R/transcript_model_track.R#L 97                                         ...
R/transcript_model_track.R#L 98                                         ...
R/transcript_model_track.R#L110                               max_transc...
R/transcript_model_track.R#L111                               tx_biotype...
R/transcript_model_track.R#L112                               remove_pse...
R/transcript_model_track.R#L113                               verbose = ...
R/transcript_model_track.R#L124                            n_genes%/%len...
R/transcript_model_track.R#L136                                      whi...
R/transcript_model_track.R#L137                                      ggp...
R/transcript_model_track.R#L138                                         ...
R/transcript_model_track.R#L139                                      col...
R/transcript_model_track.R#L140                                      nam...
R/transcript_model_track.R#L141                                      col...
R/transcript_model_track.R#L142                                      sta...
R/transcript_model_track.R#L143                                      sho...
R/transcript_model_track.R#L159                                axis.titl...
R/XGR_plot_peaks.R#L 38                            dat,...
R/XGR_plot_peaks.R#L 39                            fill_var = "A...
R/XGR_plot_peaks.R#L 40                            facet_var = "...
R/XGR_plot_peaks.R#L 41                            geom = "densi...
R/XGR_plot_peaks.R#L 42                            locus = NULL,...
R/XGR_plot_peaks.R#L 43                            adjust = .2,...
R/XGR_plot_peaks.R#L 44                            show_plot = T...
R/XGR_plot_peaks.R#L 45                            legend = TRUE...
R/XGR_plot_peaks.R#L 46                            as_ggplot = T...
R/XGR_plot_peaks.R#L 47                            trim_xlims = ...
R/XGR_plot_style.R#L  2                            gr.filt,...
R/XGR_plot_style.R#L  3                            lib_name,...
R/XGR_plot_style.R#L  4                            palette = c("...
R/XGR_plot.R#L 38                      lib_name = "ENCODE_...
R/XGR_plot.R#L 39                      locus_dir = tempdir...
R/XGR_plot.R#L 40                      palette = c("Spectr...
R/XGR_plot.R#L 41                      fill_var = "Assay",...
R/XGR_plot.R#L 42                      facet_var = "Source...
R/XGR_plot.R#L 43                      geom = "density",...
R/XGR_plot.R#L 44                      n_top = 5,...
R/XGR_plot.R#L 45                      adjust = 0.2,...
R/XGR_plot.R#L 46                      force_new = FALSE,...
R/XGR_plot.R#L 47                      show_plot = FALSE,...
R/XGR_plot.R#L 48                      nThread = 1,...
R/XGR_plot.R#L 49                      verbose = TRUE) {...
R/zoom_highlight.R#L  3                            dat,...
R/zoom_highlight.R#L  4                            zoom="5x",...
R/zoom_highlight.R#L  5                            alpha=.15,...
R/zoom_highlight.R#L  6                            verbose=TRUE)...
R/zoom_highlight.R#L 17                            y=c(-Inf,-Inf...
R/zoom_highlight.R#L 20                               ggplot2::a...
R/zoom_highlight.R#L 21                               color="tra...
R/zoom_highlight.R#L 22                               alpha=alph...
R/zoom_highlight.R#L 23                               fill="blue...
R/zoom_polygon.R#L  2                          genomic_units="...
R/zoom_polygon.R#L  3                          zoom="5x",...
R/zoom_polygon.R#L  4                          alpha=.15,...
R/zoom_polygon.R#L  5                          verbose=TRUE){...
R/zoom_polygon.R#L 22                      color="transparent"...
R/zoom_polygon.R#L 23                      alpha=alpha, show.l...
R/zoom_polygon.R#L 27               axis.text.x = ggplot2::ele...
R/zoom_polygon.R#L 28               axis.title.x = ggplot2::el...
man/add_multitrack_lines.Rd#L  8   TRKS,...
man/add_multitrack_lines.Rd#L  9   dat,...
man/add_multitrack_lines.Rd#L 10   snp_groups = c("Lead", "UCS", "Consens...
man/add_multitrack_lines.Rd#L 11   line_alpha = 1,...
man/add_multitrack_lines.Rd#L 12   line_size = 0.3,...
man/add_multitrack_lines.Rd#L 13   remove_duplicated_UCS_Consensus = TRUE...
man/add_multitrack_lines.Rd#L 14   verbose = FALSE...
man/add_snp_labels.Rd#L  8   snp_plot,...
man/add_snp_labels.Rd#L  9   dat,...
man/add_snp_labels.Rd#L 10   labels_subset = c("CS"),...
man/add_snp_labels.Rd#L 11   yvar = "PP",...
man/add_snp_labels.Rd#L 12   genomic_units = "Mb",...
man/add_snp_labels.Rd#L 13   grouping_vars = c("SNP", "Method"),...
man/add_snp_labels.Rd#L 14   remove_duplicates = FALSE,...
man/add_snp_labels.Rd#L 15   melt_methods = TRUE,...
man/add_snp_labels.Rd#L 16   show.legend = TRUE...
man/construct_snp_labels.Rd#L  6  ...
man/construct_snp_labels.Rd#L 11   dat,...
man/construct_snp_labels.Rd#L 12   labels_subset = c("Lead", "CS", "UCS",...
man/construct_snp_labels.Rd#L 13   remove_duplicates = TRUE,...
man/construct_snp_labels.Rd#L 14   grouping_vars = c("SNP"),...
man/construct_snp_labels.Rd#L 15   merge_with_input = FALSE,...
man/construct_snp_labels.Rd#L 16   verbose = FALSE...
man/construct_snp_labels.Rd#L 26  ...
man/dot_summary_plot.Rd#L 13  for a SNP to be considered part of a Cr...
man/get_transcripts.Rd#L 28   gr.snp,...
man/get_transcripts.Rd#L 29   max_transcripts = 1,...
man/get_transcripts.Rd#L 30   remove_pseudogenes = TRUE,...
man/get_transcripts.Rd#L 31   tx_biotypes = NULL,...
man/get_transcripts.Rd#L 32   verbose = TRUE...
man/plot_locus_multi.Rd#L  8   dat_ls,...
man/plot_locus_multi.Rd#L  9   LD_ls,...
man/plot_locus_multi.Rd#L 10   locus_dir,...
man/plot_locus_multi.Rd#L 11   conditions = names(dat_ls),...
man/plot_locus_multi.Rd#L 12   show_plot = TRUE,...
man/plot_locus_multi.Rd#L 13   verbose = TRUE,...
man/plot_locus_multi.Rd#L 14   ......
man/plot_locus_multi.Rd#L 28  items in \code{dat_ls}.}...
man/plot_locus_multi.Rd#L 35   Arguments passed on to \code{\link[=pl...
man/plot_locus_multi.Rd#L 36   \describe{...
man/plot_locus_multi.Rd#L 69  Lead, Credible Set, Consensus.}...
man/plot_locus_multi.Rd#L 78  here}....
man/plot_locus_multi.Rd#L 79  Passed to the \code{RData.customised} a...
man/plot_locus_multi.Rd#L 95  epigenomic data...
man/plot_locus_multi.Rd#L105  for a SNP to be considered part of a Cr...
man/plot_locus_multi.Rd#L153  \code{c("1x","4.5x",25000)}.}...
man/plot_locus_multi.Rd#L160   plotting window)}...
man/plot_locus_multi.Rd#L162   plotting window)}...
man/plot_locus_multi.Rd#L166   }}...
man/plot_locus_multi.Rd#L170  results generated by tools like \link[e...
man/plot_locus_multi.Rd#L182                               LD_ls = LD...
man/plot_locus_multi.Rd#L183                               locus_dir ...
man/plot_locus.Rd#L  8   dat,...
man/plot_locus.Rd#L  9   locus_dir,...
man/plot_locus.Rd#L 10   LD_matrix = NULL,...
man/plot_locus.Rd#L 11   LD_reference = NULL,...
man/plot_locus.Rd#L 12   facet_formula = "Method~.",...
man/plot_locus.Rd#L 13   dataset_type = "GWAS",...
man/plot_locus.Rd#L 14   color_r2 = TRUE,...
man/plot_locus.Rd#L 15   finemap_methods = c("ABF", "FINEMAP", ...
man/plot_locus.Rd#L 16   track_order = NULL,...
man/plot_locus.Rd#L 17   track_heights = NULL,...
man/plot_locus.Rd#L 18   plot_full_window = TRUE,...
man/plot_locus.Rd#L 19   dot_summary = FALSE,...
man/plot_locus.Rd#L 20   qtl_suffixes = NULL,...
man/plot_locus.Rd#L 21   mean.PP = TRUE,...
man/plot_locus.Rd#L 22   credset_thresh = 0.95,...
man/plot_locus.Rd#L 23   consensus_thresh = 2,...
man/plot_locus.Rd#L 24   sig_cutoff = 5e-08,...
man/plot_locus.Rd#L 25   gene_track = TRUE,...
man/plot_locus.Rd#L 26   tx_biotypes = NULL,...
man/plot_locus.Rd#L 27   point_size = 1,...
man/plot_locus.Rd#L 28   point_alpha = 0.6,...
man/plot_locus.Rd#L 29   density_adjust = 0.2,...
man/plot_locus.Rd#L 30   snp_group_lines = c("Lead", "UCS", "Co...
man/plot_locus.Rd#L 31   xtext = FALSE,...
man/plot_locus.Rd#L 32   show_legend_genes = TRUE,...
man/plot_locus.Rd#L 33   xgr_libnames = NULL,...
man/plot_locus.Rd#L 34   xgr_n_top = 5,...
man/plot_locus.Rd#L 35   roadmap = FALSE,...
man/plot_locus.Rd#L 36   roadmap_query = NULL,...
man/plot_locus.Rd#L 37   roadmap_n_top = 7,...
man/plot_locus.Rd#L 38   zoom_exceptions_str = "*full window$|z...
man/plot_locus.Rd#L 39   nott_epigenome = FALSE,...
man/plot_locus.Rd#L 40   nott_regulatory_rects = TRUE,...
man/plot_locus.Rd#L 41   nott_show_placseq = TRUE,...
man/plot_locus.Rd#L 42   nott_binwidth = 200,...
man/plot_locus.Rd#L 43   nott_bigwig_dir = NULL,...
man/plot_locus.Rd#L 44   save_plot = FALSE,...
man/plot_locus.Rd#L 45   show_plot = TRUE,...
man/plot_locus.Rd#L 46   genomic_units = "Mb",...
man/plot_locus.Rd#L 47   strip.text.y.angle = 0,...
man/plot_locus.Rd#L 48   max_transcripts = 1,...
man/plot_locus.Rd#L 49   zoom = c("1x"),...
man/plot_locus.Rd#L 50   dpi = 300,...
man/plot_locus.Rd#L 51   height = 12,...
man/plot_locus.Rd#L 52   width = 10,...
man/plot_locus.Rd#L 53   plot_format = "png",...
man/plot_locus.Rd#L 54   save_RDS = FALSE,...
man/plot_locus.Rd#L 55   return_list = FALSE,...
man/plot_locus.Rd#L 56   conda_env = "echoR_mini",...
man/plot_locus.Rd#L 57   nThread = 1,...
man/plot_locus.Rd#L 58   verbose = TRUE...
man/plot_locus.Rd#L118  for a SNP to be considered part of a Cr...
man/plot_locus.Rd#L145  Lead, Credible Set, Consensus.}...
man/plot_locus.Rd#L156  here}....
man/plot_locus.Rd#L157  Passed to the \code{RData.customised} a...
man/plot_locus.Rd#L191  epigenomic data...
man/plot_locus.Rd#L218  \code{c("1x","4.5x",25000)}.}...
man/plot_locus.Rd#L223   plotting window)}...
man/plot_locus.Rd#L226   plotting window)}...
man/plot_locus.Rd#L248  multiple resolutions....
man/ROADMAP_plot.Rd#L  8   dat,...
man/ROADMAP_plot.Rd#L  9   roadmap_query,...
man/ROADMAP_plot.Rd#L 10   lib_name = "Roadmap.ChromatinMarks_Cel...
man/ROADMAP_plot.Rd#L 11   locus_dir = tempdir(),...
man/ROADMAP_plot.Rd#L 12   limit_files = NULL,...
man/ROADMAP_plot.Rd#L 13   n_top = 5,...
man/ROADMAP_plot.Rd#L 14   adjust = 0.2,...
man/ROADMAP_plot.Rd#L 15   force_new = FALSE,...
man/ROADMAP_plot.Rd#L 16   show_plot = FALSE,...
man/ROADMAP_plot.Rd#L 17   conda_env = "echoR_mini",...
man/ROADMAP_plot.Rd#L 18   nThread = 1,...
man/ROADMAP_plot.Rd#L 19   verbose = TRUE...
man/ROADMAP_track_plot.Rd#L 19   grl.roadmap,...
man/ROADMAP_track_plot.Rd#L 20   gr.snp = NULL,...
man/ROADMAP_track_plot.Rd#L 21   geom = "density",...
man/ROADMAP_track_plot.Rd#L 22   adjust = 0.2,...
man/ROADMAP_track_plot.Rd#L 23   position = c("stack", "fill", "dodge")...
man/ROADMAP_track_plot.Rd#L 24   show_plot = TRUE,...
man/ROADMAP_track_plot.Rd#L 25   as_ggplot = TRUE,...
man/ROADMAP_track_plot.Rd#L 26   verbose = TRUE...
man/snp_track_merged.Rd#L  8   dat,...
man/snp_track_merged.Rd#L  9   yvar = "-log10(P)",...
man/snp_track_merged.Rd#L 10   labels_subset = c("Lead", "UCS", "Cons...
man/snp_track_merged.Rd#L 11   absolute_labels = FALSE,...
man/snp_track_merged.Rd#L 12   label_type = "rsid_only",...
man/snp_track_merged.Rd#L 13   label_leadsnp = TRUE,...
man/snp_track_merged.Rd#L 14   sig_cutoff = 5e-08,...
man/snp_track_merged.Rd#L 15   point_alpha = 0.5,...
man/snp_track_merged.Rd#L 16   show.legend = TRUE,...
man/snp_track_merged.Rd#L 17   xtext = TRUE,...
man/snp_track_merged.Rd#L 18   facet_formula = "Method~.",...
man/snp_track_merged.Rd#L 19   dataset_type = NULL,...
man/snp_track_merged.Rd#L 20   genomic_units = "POS",...
man/snp_track_merged.Rd#L 21   strip.text.y.angle = 0,...
man/snp_track_merged.Rd#L 22   show_plot = FALSE,...
man/snp_track_merged.Rd#L 23   verbose = TRUE...
man/transcript_model_track.Rd#L 13   dat,...
man/transcript_model_track.Rd#L 14   max_transcripts = 1,...
man/transcript_model_track.Rd#L 15   tx_biotypes = NULL,...
man/transcript_model_track.Rd#L 16   remove_pseudogenes = TRUE,...
man/transcript_model_track.Rd#L 17   show_plot = FALSE,...
man/transcript_model_track.Rd#L 18   show.legend = FALSE,...
man/transcript_model_track.Rd#L 19   fill = "skyblue",...
man/transcript_model_track.Rd#L 20   shape = c("arrow", "box", "ellipse", "...
man/transcript_model_track.Rd#L 21   transcriptAnnotation = c("symbol", "tr...
man/transcript_model_track.Rd#L 22   collapseTranscripts = c(FALSE, TRUE, "...
man/transcript_model_track.Rd#L 23   stacking = c("squish", "hide", "dense"...
man/transcript_model_track.Rd#L 24   method = "ggplot",...
man/transcript_model_track.Rd#L 25   xtext = TRUE,...
man/transcript_model_track.Rd#L 26   expand_x_mult = c(0.05, 0.1),...
man/transcript_model_track.Rd#L 27   verbose = TRUE...
man/transcript_model_track.Rd#L 52  or the full transcript ID....
man/transcript_model_track.Rd#L 62  containing the union of all exons is fo...
man/transcript_model_track.Rd#L 63  (essentially identical to the operation...
man/XGR_plot_peaks.Rd#L  8   gr.lib,...
man/XGR_plot_peaks.Rd#L  9   dat,...
man/XGR_plot_peaks.Rd#L 10   fill_var = "Assay",...
man/XGR_plot_peaks.Rd#L 11   facet_var = "Source",...
man/XGR_plot_peaks.Rd#L 12   geom = "density",...
man/XGR_plot_peaks.Rd#L 13   locus = NULL,...
man/XGR_plot_peaks.Rd#L 14   adjust = 0.2,...
man/XGR_plot_peaks.Rd#L 15   show_plot = TRUE,...
man/XGR_plot_peaks.Rd#L 16   legend = TRUE,...
man/XGR_plot_peaks.Rd#L 17   as_ggplot = TRUE,...
man/XGR_plot_peaks.Rd#L 18   trim_xlims = FALSE...
man/XGR_plot_peaks.Rd#L 46   }...
man/XGR_plot.Rd#L  8   dat,...
man/XGR_plot.Rd#L  9   lib_name = "ENCODE_TFBS_ClusteredV3_Ce...
man/XGR_plot.Rd#L 10   locus_dir = tempdir(),...
man/XGR_plot.Rd#L 11   palette = c("Spectral", "BrBG", "PiYG"...
man/XGR_plot.Rd#L 12   fill_var = "Assay",...
man/XGR_plot.Rd#L 13   facet_var = "Source",...
man/XGR_plot.Rd#L 14   geom = "density",...
man/XGR_plot.Rd#L 15   n_top = 5,...
man/XGR_plot.Rd#L 16   adjust = 0.2,...
man/XGR_plot.Rd#L 17   force_new = FALSE,...
man/XGR_plot.Rd#L 18   show_plot = FALSE,...
man/XGR_plot.Rd#L 19   nThread = 1,...
man/XGR_plot.Rd#L 20   verbose = TRUE...
man/XGR_plot.Rd#L 34  here.}...
man/XGR_plot.Rd#L 35  Passed to the \code{RData.customised} a...
vignettes/echoplot.Rmd#L 26   + The modifications will be applied to...
vignettes/echoplot.Rmd#L 27   ...
vignettes/echoplot.Rmd#L 29   + Further increase resolution by adjus...
vignettes/echoplot.Rmd#L 30   + Files are saved in *jpg* format by d...
vignettes/echoplot.Rmd#L 31   preferred file format (e.g. `file_form...
vignettes/echoplot.Rmd#L 32   + Adjust the `height` and `width` of t...
vignettes/echoplot.Rmd#L 33   + The plot will be automatically saved...
vignettes/echoplot.Rmd#L 34   *multiview_<locus>_<zoom>.jpg*....
vignettes/echoplot.Rmd#L 35    ...
vignettes/echoplot.Rmd#L 59                                  LD_matr...
vignettes/echoplot.Rmd#L 60                                  LD_refe...
vignettes/echoplot.Rmd#L 61                                  locus_d...
vignettes/echoplot.Rmd#L 62                                  save_pl...
vignettes/echoplot.Rmd#L 63                                  show_pl...
vignettes/echoplot.Rmd#L 64                                  zoom=zo...
vignettes/echoplot.Rmd#L101                                        L...
vignettes/echoplot.Rmd#L102                                        L...
vignettes/echoplot.Rmd#L103                                        l...
vignettes/echoplot.Rmd#L104                                        s...
vignettes/echoplot.Rmd#L105                                        s...
vignettes/echoplot.Rmd#L106                                        z...
vignettes/echoplot.Rmd#L107                                        r...
vignettes/echoplot.Rmd#L120                       ggplot2::labs(titl...
vignettes/echoplot.Rmd#L121                       ggplot2::theme_dar...
vignettes/echoplot.Rmd#L122                       ggplot2::theme(tit...
vignettes/echoplot.Rmd#L147                                      LD_...
vignettes/echoplot.Rmd#L148                                      LD_...
vignettes/echoplot.Rmd#L149                                      loc...
vignettes/echoplot.Rmd#L150                                xgr_libna...
vignettes/echoplot.Rmd#L151                                save_plot...
vignettes/echoplot.Rmd#L152                                show_plot...
vignettes/echoplot.Rmd#L153                                zoom=zoom...
vignettes/echoplot.Rmd#L168                                         ...
vignettes/echoplot.Rmd#L169                                         ...
vignettes/echoplot.Rmd#L170                                         ...
vignettes/echoplot.Rmd#L171                                         ...
vignettes/echoplot.Rmd#L172                                         ...
vignettes/echoplot.Rmd#L173                                         ...
vignettes/echoplot.Rmd#L174                                         ...
vignettes/echoplot.Rmd#L175                                         ...
vignettes/echoplot.Rmd#L176                                         ...
vignettes/echoplot.Rmd#L177                                         ...
vignettes/echoplot.Rmd#L192                                         ...
vignettes/echoplot.Rmd#L193                                         ...
vignettes/echoplot.Rmd#L194                                         ...
vignettes/echoplot.Rmd#L195                                         ...
vignettes/echoplot.Rmd#L196                                         ...
vignettes/echoplot.Rmd#L197                                         ...
vignettes/echoplot.Rmd#L198                                         ...
vignettes/echoplot.Rmd#L199                                         ...
vignettes/echoplot.Rmd#L200                                         ...
vignettes/echoplot.Rmd#L201                                         ...
vignettes/echoplot.Rmd#L202                                         ...
vignettes/echoplot.Rmd#L203                                         ...
vignettes/echoplot.Rmd#L221                            LD_matrix=LD_...
vignettes/echoplot.Rmd#L222                            LD_reference=...
vignettes/echoplot.Rmd#L223                            locus_dir=loc...
vignettes/echoplot.Rmd#L224                            ...
vignettes/echoplot.Rmd#L225                            qtl_suffixes=...
vignettes/echoplot.Rmd#L226                            ...
vignettes/echoplot.Rmd#L227                            save_plot=FAL...
vignettes/echoplot.Rmd#L228                            show_plot=sho...
vignettes/echoplot.Rmd#L229                            zoom=zoom)...
* Checking if package already exists in CRAN... OK
* Checking for bioc-devel mailing list subscription...
* NOTE: Cannot determine whether maintainer is subscribed to the Bioc-Devel mailing list (requires admin credentials). Subscribe here: https://stat.ethz.ch/mailman/listinfo/bioc-devel
* Checking for support site registration...
* ERROR: Maintainer must add package name to Watched Tags on the support site; Edit your Support Site User Profile to add Watched Tags.
